{
  "stats": {
    "suites": 1,
    "tests": 10,
    "passes": 9,
    "pending": 0,
    "failures": 1,
    "start": "2025-12-14T15:29:08.499Z",
    "end": "2025-12-14T15:30:22.886Z",
    "duration": 74387,
    "testsRegistered": 10,
    "passPercent": 90,
    "pendingPercent": 0,
    "other": 0,
    "hasOther": false,
    "skipped": 0,
    "hasSkipped": false
  },
  "results": [
    {
      "uuid": "c80fe62b-6a17-4edf-acab-88bf5354a47e",
      "title": "",
      "fullFile": "cypress/e2e/dashboard/dashboard.cy.js",
      "file": "cypress/e2e/dashboard/dashboard.cy.js",
      "beforeHooks": [],
      "afterHooks": [],
      "tests": [],
      "suites": [
        {
          "uuid": "e760cb65-2055-4474-a999-59e6f7692670",
          "title": "OrangeHRM - Dashboard Feature",
          "fullFile": "",
          "file": "",
          "beforeHooks": [],
          "afterHooks": [],
          "tests": [
            {
              "title": "SCN-001-dashboard-Feature-TC001 - Success Open Dashboard Landing",
              "fullTitle": "OrangeHRM - Dashboard Feature SCN-001-dashboard-Feature-TC001 - Success Open Dashboard Landing",
              "timedOut": null,
              "duration": 8496,
              "state": "passed",
              "speed": "medium",
              "pass": true,
              "fail": false,
              "pending": false,
              "context": null,
              "code": "_DashboardPage.default.clickMenu(\"Dashboard\");\n_DashboardPage.default.verifyLanding(\"Dashboard\");",
              "err": {},
              "uuid": "f68b8be3-8738-47dd-90eb-b5b35b02fd5a",
              "parentUUID": "e760cb65-2055-4474-a999-59e6f7692670",
              "isHook": false,
              "skipped": false
            },
            {
              "title": "SCN-001-dashboard-Feature-TC002 - Success Open Admin Landing",
              "fullTitle": "OrangeHRM - Dashboard Feature SCN-001-dashboard-Feature-TC002 - Success Open Admin Landing",
              "timedOut": null,
              "duration": 6833,
              "state": "passed",
              "speed": "medium",
              "pass": true,
              "fail": false,
              "pending": false,
              "context": null,
              "code": "_DashboardPage.default.clickMenu(\"Admin\");\n_DashboardPage.default.verifyLanding(\"Admin\");",
              "err": {},
              "uuid": "3e2e3c89-e89e-448e-8243-f399e2e646ae",
              "parentUUID": "e760cb65-2055-4474-a999-59e6f7692670",
              "isHook": false,
              "skipped": false
            },
            {
              "title": "SCN-001-dashboard-Feature-TC003 - Success Open PIM Landing",
              "fullTitle": "OrangeHRM - Dashboard Feature SCN-001-dashboard-Feature-TC003 - Success Open PIM Landing",
              "timedOut": null,
              "duration": 6748,
              "state": "passed",
              "speed": "medium",
              "pass": true,
              "fail": false,
              "pending": false,
              "context": null,
              "code": "_DashboardPage.default.clickMenu(\"PIM\");\n_DashboardPage.default.verifyLanding(\"PIM\");",
              "err": {},
              "uuid": "1b36e086-7d24-4432-8d4e-6f3bc7c41609",
              "parentUUID": "e760cb65-2055-4474-a999-59e6f7692670",
              "isHook": false,
              "skipped": false
            },
            {
              "title": "SCN-001-dashboard-Feature-TC004 - Success Open Leave Landing",
              "fullTitle": "OrangeHRM - Dashboard Feature SCN-001-dashboard-Feature-TC004 - Success Open Leave Landing",
              "timedOut": null,
              "duration": 6888,
              "state": "passed",
              "speed": "medium",
              "pass": true,
              "fail": false,
              "pending": false,
              "context": null,
              "code": "_DashboardPage.default.clickMenu(\"Leave\");\n_DashboardPage.default.verifyLanding(\"Leave\");",
              "err": {},
              "uuid": "5d4ab98b-65ee-47ca-9ecc-5ef51078a1bb",
              "parentUUID": "e760cb65-2055-4474-a999-59e6f7692670",
              "isHook": false,
              "skipped": false
            },
            {
              "title": "SCN-001-dashboard-Feature-TC005 - Success Open Time Landing",
              "fullTitle": "OrangeHRM - Dashboard Feature SCN-001-dashboard-Feature-TC005 - Success Open Time Landing",
              "timedOut": null,
              "duration": 7966,
              "state": "passed",
              "speed": "medium",
              "pass": true,
              "fail": false,
              "pending": false,
              "context": null,
              "code": "_DashboardPage.default.clickMenu(\"Time\");\n_DashboardPage.default.verifyLanding(\"Time\");",
              "err": {},
              "uuid": "9554a902-54a6-4989-b265-5c06e22391fe",
              "parentUUID": "e760cb65-2055-4474-a999-59e6f7692670",
              "isHook": false,
              "skipped": false
            },
            {
              "title": "SCN-001-dashboard-Feature-TC006 - Success Open Recruitment Landing",
              "fullTitle": "OrangeHRM - Dashboard Feature SCN-001-dashboard-Feature-TC006 - Success Open Recruitment Landing",
              "timedOut": null,
              "duration": 7250,
              "state": "passed",
              "speed": "medium",
              "pass": true,
              "fail": false,
              "pending": false,
              "context": null,
              "code": "_DashboardPage.default.clickMenu(\"Recruitment\");\n_DashboardPage.default.verifyLanding(\"Recruitment\");",
              "err": {},
              "uuid": "79581c05-b1b0-4681-9eb2-90c33cad1bb8",
              "parentUUID": "e760cb65-2055-4474-a999-59e6f7692670",
              "isHook": false,
              "skipped": false
            },
            {
              "title": "SCN-001-dashboard-Feature-TC007 - Success Open My Info Landing",
              "fullTitle": "OrangeHRM - Dashboard Feature SCN-001-dashboard-Feature-TC007 - Success Open My Info Landing",
              "timedOut": null,
              "duration": 10446,
              "state": "failed",
              "speed": null,
              "pass": false,
              "fail": true,
              "pending": false,
              "context": null,
              "code": "_DashboardPage.default.clickMenu(\"My Info\");\n_DashboardPage.default.verifyLanding(\"My Info\");",
              "err": {
                "message": "AssertionError: Timed out retrying after 4000ms: expected '<h6.oxd-text.oxd-text--h6.oxd-topbar-header-breadcrumb-module>' to have text 'My Info', but the text was 'PIM'",
                "estack": "AssertionError: Timed out retrying after 4000ms: expected '<h6.oxd-text.oxd-text--h6.oxd-topbar-header-breadcrumb-module>' to have text 'My Info', but the text was 'PIM'\n    at DashboardPage.verifyLanding (webpack://sanbercode-qa-projectakhir/./cypress/pages/DashboardPage.js:29:7)\n    at Context.eval (webpack://sanbercode-qa-projectakhir/./cypress/e2e/dashboard/dashboard.cy.js:50:18)",
                "diff": "- 'PIM'\n+ 'My Info'\n"
              },
              "uuid": "1d83c390-ab59-4f51-86ec-9231b7142c9e",
              "parentUUID": "e760cb65-2055-4474-a999-59e6f7692670",
              "isHook": false,
              "skipped": false
            },
            {
              "title": "SCN-001-dashboard-Feature-TC008 - Success Open Directory Landing",
              "fullTitle": "OrangeHRM - Dashboard Feature SCN-001-dashboard-Feature-TC008 - Success Open Directory Landing",
              "timedOut": null,
              "duration": 5228,
              "state": "passed",
              "speed": "medium",
              "pass": true,
              "fail": false,
              "pending": false,
              "context": null,
              "code": "_DashboardPage.default.clickMenu(\"Directory\");\n_DashboardPage.default.verifyLanding(\"Directory\");",
              "err": {},
              "uuid": "9ebe9598-b9e3-4766-941c-f0f57b725877",
              "parentUUID": "e760cb65-2055-4474-a999-59e6f7692670",
              "isHook": false,
              "skipped": false
            },
            {
              "title": "SCN-001-dashboard-Feature-TC009 - Success Open Claim Landing",
              "fullTitle": "OrangeHRM - Dashboard Feature SCN-001-dashboard-Feature-TC009 - Success Open Claim Landing",
              "timedOut": null,
              "duration": 6951,
              "state": "passed",
              "speed": "medium",
              "pass": true,
              "fail": false,
              "pending": false,
              "context": null,
              "code": "_DashboardPage.default.clickMenu(\"Claim\");\n_DashboardPage.default.verifyLanding(\"Claim\");",
              "err": {},
              "uuid": "a2ee30c6-ab31-4310-a25b-2f3ba15fa0ba",
              "parentUUID": "e760cb65-2055-4474-a999-59e6f7692670",
              "isHook": false,
              "skipped": false
            },
            {
              "title": "SCN-001-dashboard-Feature-TC010 - Success Open Buzz Landing",
              "fullTitle": "OrangeHRM - Dashboard Feature SCN-001-dashboard-Feature-TC010 - Success Open Buzz Landing",
              "timedOut": null,
              "duration": 6788,
              "state": "passed",
              "speed": "medium",
              "pass": true,
              "fail": false,
              "pending": false,
              "context": null,
              "code": "_DashboardPage.default.clickMenu(\"Buzz\");\n_DashboardPage.default.verifyLanding(\"Buzz\");",
              "err": {},
              "uuid": "0c9092fb-4e93-4197-a686-268842244c34",
              "parentUUID": "e760cb65-2055-4474-a999-59e6f7692670",
              "isHook": false,
              "skipped": false
            }
          ],
          "suites": [],
          "passes": [
            "f68b8be3-8738-47dd-90eb-b5b35b02fd5a",
            "3e2e3c89-e89e-448e-8243-f399e2e646ae",
            "1b36e086-7d24-4432-8d4e-6f3bc7c41609",
            "5d4ab98b-65ee-47ca-9ecc-5ef51078a1bb",
            "9554a902-54a6-4989-b265-5c06e22391fe",
            "79581c05-b1b0-4681-9eb2-90c33cad1bb8",
            "9ebe9598-b9e3-4766-941c-f0f57b725877",
            "a2ee30c6-ab31-4310-a25b-2f3ba15fa0ba",
            "0c9092fb-4e93-4197-a686-268842244c34"
          ],
          "failures": [
            "1d83c390-ab59-4f51-86ec-9231b7142c9e"
          ],
          "pending": [],
          "skipped": [],
          "duration": 73594,
          "root": false,
          "rootEmpty": false,
          "_timeout": 2000
        }
      ],
      "passes": [],
      "failures": [],
      "pending": [],
      "skipped": [],
      "duration": 0,
      "root": true,
      "rootEmpty": true,
      "_timeout": 2000
    }
  ],
  "meta": {
    "mocha": {
      "version": "7.2.0"
    },
    "mochawesome": {
      "options": {
        "quiet": false,
        "reportFilename": "mochawesome",
        "saveHtml": true,
        "saveJson": true,
        "consoleReporter": "spec",
        "useInlineDiffs": false,
        "code": true
      },
      "version": "7.1.4"
    },
    "marge": {
      "options": {
        "reportDir": "cypress/reports/mocha",
        "overwrite": false,
        "html": true,
        "json": true
      },
      "version": "6.3.2"
    }
  }
}