{
  "stats": {
    "suites": 1,
    "tests": 12,
    "passes": 8,
    "pending": 0,
    "failures": 4,
    "start": "2025-12-14T15:36:58.512Z",
    "end": "2025-12-14T15:37:59.135Z",
    "duration": 60623,
    "testsRegistered": 12,
    "passPercent": 66.66666666666666,
    "pendingPercent": 0,
    "other": 0,
    "hasOther": false,
    "skipped": 0,
    "hasSkipped": false
  },
  "results": [
    {
      "uuid": "ca4b5ebe-47e6-4b7e-8c11-2af3e210ef35",
      "title": "",
      "fullFile": "cypress/e2e/login/login.cy.js",
      "file": "cypress/e2e/login/login.cy.js",
      "beforeHooks": [],
      "afterHooks": [],
      "tests": [],
      "suites": [
        {
          "uuid": "0f5b6384-51e9-485a-8cca-c2e9c3b2ce6e",
          "title": "OrangeHRM - Login Feature",
          "fullFile": "",
          "file": "",
          "beforeHooks": [],
          "afterHooks": [],
          "tests": [
            {
              "title": "SCN001 - Login Success with valid credential - TC001",
              "fullTitle": "OrangeHRM - Login Feature SCN001 - Login Success with valid credential - TC001",
              "timedOut": null,
              "duration": 6773,
              "state": "passed",
              "speed": "medium",
              "pass": true,
              "fail": false,
              "pending": false,
              "context": null,
              "code": "cy.intercept(\"POST\", \"**/auth/validate\").as(\"loginSuccess\");\ncy.login(loginData.validUser.username, loginData.validUser.password);\ncy.url().should(\"include\", \"/dashboard\");",
              "err": {},
              "uuid": "ab78059b-244e-4a60-97ec-7a5a36ee3a63",
              "parentUUID": "0f5b6384-51e9-485a-8cca-c2e9c3b2ce6e",
              "isHook": false,
              "skipped": false
            },
            {
              "title": "SCN001 - Login Failed with invalid username - TC002",
              "fullTitle": "OrangeHRM - Login Feature SCN001 - Login Failed with invalid username - TC002",
              "timedOut": null,
              "duration": 3830,
              "state": "passed",
              "speed": "fast",
              "pass": true,
              "fail": false,
              "pending": false,
              "context": null,
              "code": "cy.intercept(\"POST\", \"**/auth/validate\").as(\"invalidUser\");\ncy.login(loginData.invalidUser.username, loginData.validUser.password);\n_LoginPage.default.verifyInvalidCredential();",
              "err": {},
              "uuid": "503d1f87-018d-4e42-8fe5-ca074e992df1",
              "parentUUID": "0f5b6384-51e9-485a-8cca-c2e9c3b2ce6e",
              "isHook": false,
              "skipped": false
            },
            {
              "title": "SCN001 - Login Failed with invalid password - TC003",
              "fullTitle": "OrangeHRM - Login Feature SCN001 - Login Failed with invalid password - TC003",
              "timedOut": null,
              "duration": 4045,
              "state": "passed",
              "speed": "fast",
              "pass": true,
              "fail": false,
              "pending": false,
              "context": null,
              "code": "cy.intercept(\"POST\", \"**/auth/validate\").as(\"invalidUser\");\ncy.login(loginData.validUser.username, loginData.invalidUser.password);\n_LoginPage.default.verifyInvalidCredential();",
              "err": {},
              "uuid": "2f3366cd-3bbc-4710-85e0-392bc770cfff",
              "parentUUID": "0f5b6384-51e9-485a-8cca-c2e9c3b2ce6e",
              "isHook": false,
              "skipped": false
            },
            {
              "title": "SCN001 - Login Failed with empty username - TC004",
              "fullTitle": "OrangeHRM - Login Feature SCN001 - Login Failed with empty username - TC004",
              "timedOut": null,
              "duration": 2054,
              "state": "passed",
              "speed": "fast",
              "pass": true,
              "fail": false,
              "pending": false,
              "context": null,
              "code": "cy.login(null, loginData.validUser.password);\n_LoginPage.default.verifyRequiredOrInlineError();",
              "err": {},
              "uuid": "bc946ca9-5094-4f1c-b285-5ee4e4bf4b0c",
              "parentUUID": "0f5b6384-51e9-485a-8cca-c2e9c3b2ce6e",
              "isHook": false,
              "skipped": false
            },
            {
              "title": "SCN001 - Login Failed with empty password - TC005",
              "fullTitle": "OrangeHRM - Login Feature SCN001 - Login Failed with empty password - TC005",
              "timedOut": null,
              "duration": 1910,
              "state": "passed",
              "speed": "fast",
              "pass": true,
              "fail": false,
              "pending": false,
              "context": null,
              "code": "cy.login(loginData.validUser.username, null);\n_LoginPage.default.verifyRequiredOrInlineError();",
              "err": {},
              "uuid": "6627495e-05dc-4bc1-a090-943ecf40d198",
              "parentUUID": "0f5b6384-51e9-485a-8cca-c2e9c3b2ce6e",
              "isHook": false,
              "skipped": false
            },
            {
              "title": "SCN001 - Login Failed with both fields empty - TC006",
              "fullTitle": "OrangeHRM - Login Feature SCN001 - Login Failed with both fields empty - TC006",
              "timedOut": null,
              "duration": 1687,
              "state": "passed",
              "speed": "fast",
              "pass": true,
              "fail": false,
              "pending": false,
              "context": null,
              "code": "cy.login(null, null);\n_LoginPage.default.verifyRequiredOrInlineError();",
              "err": {},
              "uuid": "fda8e905-a09f-4f0c-be05-f1f13fe08f80",
              "parentUUID": "0f5b6384-51e9-485a-8cca-c2e9c3b2ce6e",
              "isHook": false,
              "skipped": false
            },
            {
              "title": "SCN001 - Username must not accept symbol characters - TC007",
              "fullTitle": "OrangeHRM - Login Feature SCN001 - Username must not accept symbol characters - TC007",
              "timedOut": null,
              "duration": 6454,
              "state": "failed",
              "speed": null,
              "pass": false,
              "fail": true,
              "pending": false,
              "context": null,
              "code": "const symbolRegex = /[!@#$%^&*(),.?\":{}|<>]/;\ncy.get(\"input[name='username']\").clear().type(loginData.symbolsUsername).blur();\ncy.get(\"input[name='username']\").invoke(\"val\").should(\"not.match\", symbolRegex);",
              "err": {
                "message": "AssertionError: Timed out retrying after 4000ms: expected ')#()!@($UD!J)@::>:>:@O__ or \\' OR 1=1 --' not to match /[!@#$%^&*(),.?\":{}|<>]/",
                "estack": "AssertionError: Timed out retrying after 4000ms: expected ')#()!@($UD!J)@::>:>:@O__ or \\' OR 1=1 --' not to match /[!@#$%^&*(),.?\":{}|<>]/\n    at Context.eval (webpack://sanbercode-qa-projectakhir/./cypress/e2e/login/login.cy.js:76:7)",
                "diff": null
              },
              "uuid": "5276b6ef-9af2-482d-9fa9-1163a56acbec",
              "parentUUID": "0f5b6384-51e9-485a-8cca-c2e9c3b2ce6e",
              "isHook": false,
              "skipped": false
            },
            {
              "title": "SCN001 - Username must not accept emoticons / non-ascii characters - TC008",
              "fullTitle": "OrangeHRM - Login Feature SCN001 - Username must not accept emoticons / non-ascii characters - TC008",
              "timedOut": null,
              "duration": 6099,
              "state": "failed",
              "speed": null,
              "pass": false,
              "fail": true,
              "pending": false,
              "context": null,
              "code": "cy.get(\"input[name='username']\").clear().type(loginData.emojiUsername).blur();\ncy.get(\"input[name='username']\").invoke(\"val\").should(\"not.match\", /[^\\x00-\\x7F]/);",
              "err": {
                "message": "AssertionError: Timed out retrying after 4000ms: expected '😎😕🥺🫢' not to match /[^\\x00-\\x7F]/",
                "estack": "AssertionError: Timed out retrying after 4000ms: expected '😎😕🥺🫢' not to match /[^\\x00-\\x7F]/\n    at Context.eval (webpack://sanbercode-qa-projectakhir/./cypress/e2e/login/login.cy.js:87:7)",
                "diff": null
              },
              "uuid": "9cb5f001-2667-400b-8665-d87f849d25e9",
              "parentUUID": "0f5b6384-51e9-485a-8cca-c2e9c3b2ce6e",
              "isHook": false,
              "skipped": false
            },
            {
              "title": "SCN001 - Username must not contain spaces between characters - TC009",
              "fullTitle": "OrangeHRM - Login Feature SCN001 - Username must not contain spaces between characters - TC009",
              "timedOut": null,
              "duration": 6159,
              "state": "failed",
              "speed": null,
              "pass": false,
              "fail": true,
              "pending": false,
              "context": null,
              "code": "cy.get(\"input[name='username']\").clear().type(loginData.spacedUsername).blur();\ncy.get(\"input[name='username']\").invoke(\"val\").should(\"not.include\", \" \");",
              "err": {
                "message": "AssertionError: Timed out retrying after 4000ms: expected 'A dm in' to not include ' '",
                "estack": "AssertionError: Timed out retrying after 4000ms: expected 'A dm in' to not include ' '\n    at Context.eval (webpack://sanbercode-qa-projectakhir/./cypress/e2e/login/login.cy.js:98:7)",
                "diff": null
              },
              "uuid": "97e4b007-c018-47f2-ac4a-b84ec7d38f73",
              "parentUUID": "0f5b6384-51e9-485a-8cca-c2e9c3b2ce6e",
              "isHook": false,
              "skipped": false
            },
            {
              "title": "SCN001 - Username must not exceed 200 characters - TC010",
              "fullTitle": "OrangeHRM - Login Feature SCN001 - Username must not exceed 200 characters - TC010",
              "timedOut": null,
              "duration": 13307,
              "state": "failed",
              "speed": null,
              "pass": false,
              "fail": true,
              "pending": false,
              "context": null,
              "code": "const longUsername = loginData.longUsername.repeat(3);\ncy.get(\"input[name='username']\").clear().type(longUsername).blur();\ncy.get(\"input[name='username']\").invoke(\"val\").its(\"length\").should(\"be.lte\", 200);",
              "err": {
                "message": "AssertionError: Timed out retrying after 4000ms: expected 606 to be at most 200",
                "estack": "AssertionError: Timed out retrying after 4000ms: expected 606 to be at most 200\n    at Context.eval (webpack://sanbercode-qa-projectakhir/./cypress/e2e/login/login.cy.js:112:7)",
                "diff": "- 606\n+ 200\n"
              },
              "uuid": "2e8c9bd0-9888-485f-afde-fef602c03e8d",
              "parentUUID": "0f5b6384-51e9-485a-8cca-c2e9c3b2ce6e",
              "isHook": false,
              "skipped": false
            },
            {
              "title": "SCN002 - Username Valid - TC001",
              "fullTitle": "OrangeHRM - Login Feature SCN002 - Username Valid - TC001",
              "timedOut": null,
              "duration": 4588,
              "state": "passed",
              "speed": "fast",
              "pass": true,
              "fail": false,
              "pending": false,
              "context": null,
              "code": "_LoginPage.default.clickForgotPassword();\n_LoginPage.default.inputUsername(loginData.validUser.username);\n_LoginPage.default.submit();\n_LoginPage.default.verifyChangePasswordSuccesfully();",
              "err": {},
              "uuid": "e444ad4b-5e9b-4beb-ac0b-850cb7f6db64",
              "parentUUID": "0f5b6384-51e9-485a-8cca-c2e9c3b2ce6e",
              "isHook": false,
              "skipped": false
            },
            {
              "title": "SCN002 - Username Empty - TC001",
              "fullTitle": "OrangeHRM - Login Feature SCN002 - Username Empty - TC001",
              "timedOut": null,
              "duration": 2966,
              "state": "passed",
              "speed": "fast",
              "pass": true,
              "fail": false,
              "pending": false,
              "context": null,
              "code": "_LoginPage.default.clickForgotPassword();\n_LoginPage.default.submit();\n_LoginPage.default.verifyRequiredOrInlineError();",
              "err": {},
              "uuid": "d06e0d2b-c43a-4291-9434-f0027beeb3ef",
              "parentUUID": "0f5b6384-51e9-485a-8cca-c2e9c3b2ce6e",
              "isHook": false,
              "skipped": false
            }
          ],
          "suites": [],
          "passes": [
            "ab78059b-244e-4a60-97ec-7a5a36ee3a63",
            "503d1f87-018d-4e42-8fe5-ca074e992df1",
            "2f3366cd-3bbc-4710-85e0-392bc770cfff",
            "bc946ca9-5094-4f1c-b285-5ee4e4bf4b0c",
            "6627495e-05dc-4bc1-a090-943ecf40d198",
            "fda8e905-a09f-4f0c-be05-f1f13fe08f80",
            "e444ad4b-5e9b-4beb-ac0b-850cb7f6db64",
            "d06e0d2b-c43a-4291-9434-f0027beeb3ef"
          ],
          "failures": [
            "5276b6ef-9af2-482d-9fa9-1163a56acbec",
            "9cb5f001-2667-400b-8665-d87f849d25e9",
            "97e4b007-c018-47f2-ac4a-b84ec7d38f73",
            "2e8c9bd0-9888-485f-afde-fef602c03e8d"
          ],
          "pending": [],
          "skipped": [],
          "duration": 59872,
          "root": false,
          "rootEmpty": false,
          "_timeout": 2000
        }
      ],
      "passes": [],
      "failures": [],
      "pending": [],
      "skipped": [],
      "duration": 0,
      "root": true,
      "rootEmpty": true,
      "_timeout": 2000
    }
  ],
  "meta": {
    "mocha": {
      "version": "7.2.0"
    },
    "mochawesome": {
      "options": {
        "quiet": false,
        "reportFilename": "mochawesome",
        "saveHtml": true,
        "saveJson": true,
        "consoleReporter": "spec",
        "useInlineDiffs": false,
        "code": true
      },
      "version": "7.1.4"
    },
    "marge": {
      "options": {
        "reportDir": "cypress/reports/mocha",
        "overwrite": false,
        "html": true,
        "json": true,
        "embeddedScreenshots": true,
        "inlineAssets": true,
        "saveAllAttempts": true
      },
      "version": "6.3.2"
    }
  }
}