{
  "stats": {
    "suites": 1,
    "tests": 10,
    "passes": 9,
    "pending": 0,
    "failures": 1,
    "start": "2025-12-14T15:35:41.099Z",
    "end": "2025-12-14T15:36:55.706Z",
    "duration": 74607,
    "testsRegistered": 10,
    "passPercent": 90,
    "pendingPercent": 0,
    "other": 0,
    "hasOther": false,
    "skipped": 0,
    "hasSkipped": false
  },
  "results": [
    {
      "uuid": "b08f2c4f-2855-44cd-b3e6-bfbf5a3926c9",
      "title": "",
      "fullFile": "cypress/e2e/dashboard/dashboard.cy.js",
      "file": "cypress/e2e/dashboard/dashboard.cy.js",
      "beforeHooks": [],
      "afterHooks": [],
      "tests": [],
      "suites": [
        {
          "uuid": "c005484e-e308-4b36-b25e-14007f91a3d3",
          "title": "OrangeHRM - Dashboard Feature",
          "fullFile": "",
          "file": "",
          "beforeHooks": [],
          "afterHooks": [],
          "tests": [
            {
              "title": "SCN-001-dashboard-Feature-TC001 - Success Open Dashboard Landing",
              "fullTitle": "OrangeHRM - Dashboard Feature SCN-001-dashboard-Feature-TC001 - Success Open Dashboard Landing",
              "timedOut": null,
              "duration": 8702,
              "state": "passed",
              "speed": "medium",
              "pass": true,
              "fail": false,
              "pending": false,
              "context": null,
              "code": "_DashboardPage.default.clickMenu(\"Dashboard\");\n_DashboardPage.default.verifyLanding(\"Dashboard\");",
              "err": {},
              "uuid": "2c5e3ab8-262f-4576-83ee-936a61422ef2",
              "parentUUID": "c005484e-e308-4b36-b25e-14007f91a3d3",
              "isHook": false,
              "skipped": false
            },
            {
              "title": "SCN-001-dashboard-Feature-TC002 - Success Open Admin Landing",
              "fullTitle": "OrangeHRM - Dashboard Feature SCN-001-dashboard-Feature-TC002 - Success Open Admin Landing",
              "timedOut": null,
              "duration": 6960,
              "state": "passed",
              "speed": "medium",
              "pass": true,
              "fail": false,
              "pending": false,
              "context": null,
              "code": "_DashboardPage.default.clickMenu(\"Admin\");\n_DashboardPage.default.verifyLanding(\"Admin\");",
              "err": {},
              "uuid": "1f61f006-2d8e-41fa-8de3-227ab8f5a032",
              "parentUUID": "c005484e-e308-4b36-b25e-14007f91a3d3",
              "isHook": false,
              "skipped": false
            },
            {
              "title": "SCN-001-dashboard-Feature-TC003 - Success Open PIM Landing",
              "fullTitle": "OrangeHRM - Dashboard Feature SCN-001-dashboard-Feature-TC003 - Success Open PIM Landing",
              "timedOut": null,
              "duration": 7106,
              "state": "passed",
              "speed": "medium",
              "pass": true,
              "fail": false,
              "pending": false,
              "context": null,
              "code": "_DashboardPage.default.clickMenu(\"PIM\");\n_DashboardPage.default.verifyLanding(\"PIM\");",
              "err": {},
              "uuid": "e61e2eac-d2fc-433a-887f-cb285a02e788",
              "parentUUID": "c005484e-e308-4b36-b25e-14007f91a3d3",
              "isHook": false,
              "skipped": false
            },
            {
              "title": "SCN-001-dashboard-Feature-TC004 - Success Open Leave Landing",
              "fullTitle": "OrangeHRM - Dashboard Feature SCN-001-dashboard-Feature-TC004 - Success Open Leave Landing",
              "timedOut": null,
              "duration": 7094,
              "state": "passed",
              "speed": "medium",
              "pass": true,
              "fail": false,
              "pending": false,
              "context": null,
              "code": "_DashboardPage.default.clickMenu(\"Leave\");\n_DashboardPage.default.verifyLanding(\"Leave\");",
              "err": {},
              "uuid": "38e9499b-0be6-461d-9c41-1323b36c78f0",
              "parentUUID": "c005484e-e308-4b36-b25e-14007f91a3d3",
              "isHook": false,
              "skipped": false
            },
            {
              "title": "SCN-001-dashboard-Feature-TC005 - Success Open Time Landing",
              "fullTitle": "OrangeHRM - Dashboard Feature SCN-001-dashboard-Feature-TC005 - Success Open Time Landing",
              "timedOut": null,
              "duration": 6779,
              "state": "passed",
              "speed": "medium",
              "pass": true,
              "fail": false,
              "pending": false,
              "context": null,
              "code": "_DashboardPage.default.clickMenu(\"Time\");\n_DashboardPage.default.verifyLanding(\"Time\");",
              "err": {},
              "uuid": "ccc46aa9-5cab-48da-aa85-0101d5b53ee1",
              "parentUUID": "c005484e-e308-4b36-b25e-14007f91a3d3",
              "isHook": false,
              "skipped": false
            },
            {
              "title": "SCN-001-dashboard-Feature-TC006 - Success Open Recruitment Landing",
              "fullTitle": "OrangeHRM - Dashboard Feature SCN-001-dashboard-Feature-TC006 - Success Open Recruitment Landing",
              "timedOut": null,
              "duration": 7024,
              "state": "passed",
              "speed": "medium",
              "pass": true,
              "fail": false,
              "pending": false,
              "context": null,
              "code": "_DashboardPage.default.clickMenu(\"Recruitment\");\n_DashboardPage.default.verifyLanding(\"Recruitment\");",
              "err": {},
              "uuid": "0fb4996a-cfa3-44e0-afda-a28cabf4f3e4",
              "parentUUID": "c005484e-e308-4b36-b25e-14007f91a3d3",
              "isHook": false,
              "skipped": false
            },
            {
              "title": "SCN-001-dashboard-Feature-TC007 - Success Open My Info Landing",
              "fullTitle": "OrangeHRM - Dashboard Feature SCN-001-dashboard-Feature-TC007 - Success Open My Info Landing",
              "timedOut": null,
              "duration": 10908,
              "state": "failed",
              "speed": null,
              "pass": false,
              "fail": true,
              "pending": false,
              "context": null,
              "code": "_DashboardPage.default.clickMenu(\"My Info\");\n_DashboardPage.default.verifyLanding(\"My Info\");",
              "err": {
                "message": "AssertionError: Timed out retrying after 4000ms: expected '<h6.oxd-text.oxd-text--h6.oxd-topbar-header-breadcrumb-module>' to have text 'My Info', but the text was 'PIM'",
                "estack": "AssertionError: Timed out retrying after 4000ms: expected '<h6.oxd-text.oxd-text--h6.oxd-topbar-header-breadcrumb-module>' to have text 'My Info', but the text was 'PIM'\n    at DashboardPage.verifyLanding (webpack://sanbercode-qa-projectakhir/./cypress/pages/DashboardPage.js:29:7)\n    at Context.eval (webpack://sanbercode-qa-projectakhir/./cypress/e2e/dashboard/dashboard.cy.js:50:18)",
                "diff": "- 'PIM'\n+ 'My Info'\n"
              },
              "uuid": "432b9ec8-bbc8-43eb-976a-d6d38a1e9c3e",
              "parentUUID": "c005484e-e308-4b36-b25e-14007f91a3d3",
              "isHook": false,
              "skipped": false
            },
            {
              "title": "SCN-001-dashboard-Feature-TC008 - Success Open Directory Landing",
              "fullTitle": "OrangeHRM - Dashboard Feature SCN-001-dashboard-Feature-TC008 - Success Open Directory Landing",
              "timedOut": null,
              "duration": 5337,
              "state": "passed",
              "speed": "medium",
              "pass": true,
              "fail": false,
              "pending": false,
              "context": null,
              "code": "_DashboardPage.default.clickMenu(\"Directory\");\n_DashboardPage.default.verifyLanding(\"Directory\");",
              "err": {},
              "uuid": "4096477f-1ec4-49b3-a3d1-8155a0ccbece",
              "parentUUID": "c005484e-e308-4b36-b25e-14007f91a3d3",
              "isHook": false,
              "skipped": false
            },
            {
              "title": "SCN-001-dashboard-Feature-TC009 - Success Open Claim Landing",
              "fullTitle": "OrangeHRM - Dashboard Feature SCN-001-dashboard-Feature-TC009 - Success Open Claim Landing",
              "timedOut": null,
              "duration": 6237,
              "state": "passed",
              "speed": "medium",
              "pass": true,
              "fail": false,
              "pending": false,
              "context": null,
              "code": "_DashboardPage.default.clickMenu(\"Claim\");\n_DashboardPage.default.verifyLanding(\"Claim\");",
              "err": {},
              "uuid": "a2b751e5-53b6-4c7e-82cf-36e461794ec3",
              "parentUUID": "c005484e-e308-4b36-b25e-14007f91a3d3",
              "isHook": false,
              "skipped": false
            },
            {
              "title": "SCN-001-dashboard-Feature-TC010 - Success Open Buzz Landing",
              "fullTitle": "OrangeHRM - Dashboard Feature SCN-001-dashboard-Feature-TC010 - Success Open Buzz Landing",
              "timedOut": null,
              "duration": 7482,
              "state": "passed",
              "speed": "medium",
              "pass": true,
              "fail": false,
              "pending": false,
              "context": null,
              "code": "_DashboardPage.default.clickMenu(\"Buzz\");\n_DashboardPage.default.verifyLanding(\"Buzz\");",
              "err": {},
              "uuid": "113a0b28-2bd4-4ee2-bdc6-eb97685f204a",
              "parentUUID": "c005484e-e308-4b36-b25e-14007f91a3d3",
              "isHook": false,
              "skipped": false
            }
          ],
          "suites": [],
          "passes": [
            "2c5e3ab8-262f-4576-83ee-936a61422ef2",
            "1f61f006-2d8e-41fa-8de3-227ab8f5a032",
            "e61e2eac-d2fc-433a-887f-cb285a02e788",
            "38e9499b-0be6-461d-9c41-1323b36c78f0",
            "ccc46aa9-5cab-48da-aa85-0101d5b53ee1",
            "0fb4996a-cfa3-44e0-afda-a28cabf4f3e4",
            "4096477f-1ec4-49b3-a3d1-8155a0ccbece",
            "a2b751e5-53b6-4c7e-82cf-36e461794ec3",
            "113a0b28-2bd4-4ee2-bdc6-eb97685f204a"
          ],
          "failures": [
            "432b9ec8-bbc8-43eb-976a-d6d38a1e9c3e"
          ],
          "pending": [],
          "skipped": [],
          "duration": 73629,
          "root": false,
          "rootEmpty": false,
          "_timeout": 2000
        }
      ],
      "passes": [],
      "failures": [],
      "pending": [],
      "skipped": [],
      "duration": 0,
      "root": true,
      "rootEmpty": true,
      "_timeout": 2000
    }
  ],
  "meta": {
    "mocha": {
      "version": "7.2.0"
    },
    "mochawesome": {
      "options": {
        "quiet": false,
        "reportFilename": "mochawesome",
        "saveHtml": true,
        "saveJson": true,
        "consoleReporter": "spec",
        "useInlineDiffs": false,
        "code": true
      },
      "version": "7.1.4"
    },
    "marge": {
      "options": {
        "reportDir": "cypress/reports/mocha",
        "overwrite": false,
        "html": true,
        "json": true,
        "embeddedScreenshots": true,
        "inlineAssets": true,
        "saveAllAttempts": true
      },
      "version": "6.3.2"
    }
  }
}