{
  "stats": {
    "suites": 1,
    "tests": 12,
    "passes": 8,
    "pending": 0,
    "failures": 4,
    "start": "2025-12-14T15:30:24.592Z",
    "end": "2025-12-14T15:31:24.038Z",
    "duration": 59446,
    "testsRegistered": 12,
    "passPercent": 66.66666666666666,
    "pendingPercent": 0,
    "other": 0,
    "hasOther": false,
    "skipped": 0,
    "hasSkipped": false
  },
  "results": [
    {
      "uuid": "d62a9100-f3bb-4803-a564-98da9878a9a4",
      "title": "",
      "fullFile": "cypress/e2e/login/login.cy.js",
      "file": "cypress/e2e/login/login.cy.js",
      "beforeHooks": [],
      "afterHooks": [],
      "tests": [],
      "suites": [
        {
          "uuid": "5de5a9c6-84d8-4808-9c38-91dfaeb3bd34",
          "title": "OrangeHRM - Login Feature",
          "fullFile": "",
          "file": "",
          "beforeHooks": [],
          "afterHooks": [],
          "tests": [
            {
              "title": "SCN001 - Login Success with valid credential - TC001",
              "fullTitle": "OrangeHRM - Login Feature SCN001 - Login Success with valid credential - TC001",
              "timedOut": null,
              "duration": 7734,
              "state": "passed",
              "speed": "medium",
              "pass": true,
              "fail": false,
              "pending": false,
              "context": null,
              "code": "cy.intercept(\"POST\", \"**/auth/validate\").as(\"loginSuccess\");\ncy.login(loginData.validUser.username, loginData.validUser.password);\ncy.url().should(\"include\", \"/dashboard\");",
              "err": {},
              "uuid": "8d11ff8e-8585-463e-916c-aafedfefc3c4",
              "parentUUID": "5de5a9c6-84d8-4808-9c38-91dfaeb3bd34",
              "isHook": false,
              "skipped": false
            },
            {
              "title": "SCN001 - Login Failed with invalid username - TC002",
              "fullTitle": "OrangeHRM - Login Feature SCN001 - Login Failed with invalid username - TC002",
              "timedOut": null,
              "duration": 3529,
              "state": "passed",
              "speed": "fast",
              "pass": true,
              "fail": false,
              "pending": false,
              "context": null,
              "code": "cy.intercept(\"POST\", \"**/auth/validate\").as(\"invalidUser\");\ncy.login(loginData.invalidUser.username, loginData.validUser.password);\n_LoginPage.default.verifyInvalidCredential();",
              "err": {},
              "uuid": "63a7db0a-4291-444f-b8f3-2d4fe793e43d",
              "parentUUID": "5de5a9c6-84d8-4808-9c38-91dfaeb3bd34",
              "isHook": false,
              "skipped": false
            },
            {
              "title": "SCN001 - Login Failed with invalid password - TC003",
              "fullTitle": "OrangeHRM - Login Feature SCN001 - Login Failed with invalid password - TC003",
              "timedOut": null,
              "duration": 3521,
              "state": "passed",
              "speed": "fast",
              "pass": true,
              "fail": false,
              "pending": false,
              "context": null,
              "code": "cy.intercept(\"POST\", \"**/auth/validate\").as(\"invalidUser\");\ncy.login(loginData.validUser.username, loginData.invalidUser.password);\n_LoginPage.default.verifyInvalidCredential();",
              "err": {},
              "uuid": "757be70f-ebe1-4ecb-bd5c-83dc1b40a738",
              "parentUUID": "5de5a9c6-84d8-4808-9c38-91dfaeb3bd34",
              "isHook": false,
              "skipped": false
            },
            {
              "title": "SCN001 - Login Failed with empty username - TC004",
              "fullTitle": "OrangeHRM - Login Feature SCN001 - Login Failed with empty username - TC004",
              "timedOut": null,
              "duration": 2011,
              "state": "passed",
              "speed": "fast",
              "pass": true,
              "fail": false,
              "pending": false,
              "context": null,
              "code": "cy.login(null, loginData.validUser.password);\n_LoginPage.default.verifyRequiredOrInlineError();",
              "err": {},
              "uuid": "4b2cd2d7-47f4-4915-8a89-e1c78e40d75e",
              "parentUUID": "5de5a9c6-84d8-4808-9c38-91dfaeb3bd34",
              "isHook": false,
              "skipped": false
            },
            {
              "title": "SCN001 - Login Failed with empty password - TC005",
              "fullTitle": "OrangeHRM - Login Feature SCN001 - Login Failed with empty password - TC005",
              "timedOut": null,
              "duration": 1449,
              "state": "passed",
              "speed": "fast",
              "pass": true,
              "fail": false,
              "pending": false,
              "context": null,
              "code": "cy.login(loginData.validUser.username, null);\n_LoginPage.default.verifyRequiredOrInlineError();",
              "err": {},
              "uuid": "eeee85eb-ddea-4e29-a994-138581058565",
              "parentUUID": "5de5a9c6-84d8-4808-9c38-91dfaeb3bd34",
              "isHook": false,
              "skipped": false
            },
            {
              "title": "SCN001 - Login Failed with both fields empty - TC006",
              "fullTitle": "OrangeHRM - Login Feature SCN001 - Login Failed with both fields empty - TC006",
              "timedOut": null,
              "duration": 1510,
              "state": "passed",
              "speed": "fast",
              "pass": true,
              "fail": false,
              "pending": false,
              "context": null,
              "code": "cy.login(null, null);\n_LoginPage.default.verifyRequiredOrInlineError();",
              "err": {},
              "uuid": "03081101-8f47-4598-ab53-512703081397",
              "parentUUID": "5de5a9c6-84d8-4808-9c38-91dfaeb3bd34",
              "isHook": false,
              "skipped": false
            },
            {
              "title": "SCN001 - Username must not accept symbol characters - TC007",
              "fullTitle": "OrangeHRM - Login Feature SCN001 - Username must not accept symbol characters - TC007",
              "timedOut": null,
              "duration": 6388,
              "state": "failed",
              "speed": null,
              "pass": false,
              "fail": true,
              "pending": false,
              "context": null,
              "code": "const symbolRegex = /[!@#$%^&*(),.?\":{}|<>]/;\ncy.get(\"input[name='username']\").clear().type(loginData.symbolsUsername).blur();\ncy.get(\"input[name='username']\").invoke(\"val\").should(\"not.match\", symbolRegex);",
              "err": {
                "message": "AssertionError: Timed out retrying after 4000ms: expected ')#()!@($UD!J)@::>:>:@O__ or \\' OR 1=1 --' not to match /[!@#$%^&*(),.?\":{}|<>]/",
                "estack": "AssertionError: Timed out retrying after 4000ms: expected ')#()!@($UD!J)@::>:>:@O__ or \\' OR 1=1 --' not to match /[!@#$%^&*(),.?\":{}|<>]/\n    at Context.eval (webpack://sanbercode-qa-projectakhir/./cypress/e2e/login/login.cy.js:76:7)",
                "diff": null
              },
              "uuid": "ba291c7b-5e97-4932-a030-db6c6c937cdc",
              "parentUUID": "5de5a9c6-84d8-4808-9c38-91dfaeb3bd34",
              "isHook": false,
              "skipped": false
            },
            {
              "title": "SCN001 - Username must not accept emoticons / non-ascii characters - TC008",
              "fullTitle": "OrangeHRM - Login Feature SCN001 - Username must not accept emoticons / non-ascii characters - TC008",
              "timedOut": null,
              "duration": 6159,
              "state": "failed",
              "speed": null,
              "pass": false,
              "fail": true,
              "pending": false,
              "context": null,
              "code": "cy.get(\"input[name='username']\").clear().type(loginData.emojiUsername).blur();\ncy.get(\"input[name='username']\").invoke(\"val\").should(\"not.match\", /[^\\x00-\\x7F]/);",
              "err": {
                "message": "AssertionError: Timed out retrying after 4000ms: expected '😎😕🥺🫢' not to match /[^\\x00-\\x7F]/",
                "estack": "AssertionError: Timed out retrying after 4000ms: expected '😎😕🥺🫢' not to match /[^\\x00-\\x7F]/\n    at Context.eval (webpack://sanbercode-qa-projectakhir/./cypress/e2e/login/login.cy.js:87:7)",
                "diff": null
              },
              "uuid": "05e4f00b-0547-4478-92f1-632805ec2239",
              "parentUUID": "5de5a9c6-84d8-4808-9c38-91dfaeb3bd34",
              "isHook": false,
              "skipped": false
            },
            {
              "title": "SCN001 - Username must not contain spaces between characters - TC009",
              "fullTitle": "OrangeHRM - Login Feature SCN001 - Username must not contain spaces between characters - TC009",
              "timedOut": null,
              "duration": 6067,
              "state": "failed",
              "speed": null,
              "pass": false,
              "fail": true,
              "pending": false,
              "context": null,
              "code": "cy.get(\"input[name='username']\").clear().type(loginData.spacedUsername).blur();\ncy.get(\"input[name='username']\").invoke(\"val\").should(\"not.include\", \" \");",
              "err": {
                "message": "AssertionError: Timed out retrying after 4000ms: expected 'A dm in' to not include ' '",
                "estack": "AssertionError: Timed out retrying after 4000ms: expected 'A dm in' to not include ' '\n    at Context.eval (webpack://sanbercode-qa-projectakhir/./cypress/e2e/login/login.cy.js:98:7)",
                "diff": null
              },
              "uuid": "d8bac41b-a8d7-495a-bb38-04cf1d27336c",
              "parentUUID": "5de5a9c6-84d8-4808-9c38-91dfaeb3bd34",
              "isHook": false,
              "skipped": false
            },
            {
              "title": "SCN001 - Username must not exceed 200 characters - TC010",
              "fullTitle": "OrangeHRM - Login Feature SCN001 - Username must not exceed 200 characters - TC010",
              "timedOut": null,
              "duration": 13134,
              "state": "failed",
              "speed": null,
              "pass": false,
              "fail": true,
              "pending": false,
              "context": null,
              "code": "const longUsername = loginData.longUsername.repeat(3);\ncy.get(\"input[name='username']\").clear().type(longUsername).blur();\ncy.get(\"input[name='username']\").invoke(\"val\").its(\"length\").should(\"be.lte\", 200);",
              "err": {
                "message": "AssertionError: Timed out retrying after 4000ms: expected 606 to be at most 200",
                "estack": "AssertionError: Timed out retrying after 4000ms: expected 606 to be at most 200\n    at Context.eval (webpack://sanbercode-qa-projectakhir/./cypress/e2e/login/login.cy.js:112:7)",
                "diff": "- 606\n+ 200\n"
              },
              "uuid": "2f591d56-fa23-4758-b7fe-bb7f6a4997bc",
              "parentUUID": "5de5a9c6-84d8-4808-9c38-91dfaeb3bd34",
              "isHook": false,
              "skipped": false
            },
            {
              "title": "SCN002 - Username Valid - TC001",
              "fullTitle": "OrangeHRM - Login Feature SCN002 - Username Valid - TC001",
              "timedOut": null,
              "duration": 4517,
              "state": "passed",
              "speed": "fast",
              "pass": true,
              "fail": false,
              "pending": false,
              "context": null,
              "code": "_LoginPage.default.clickForgotPassword();\n_LoginPage.default.inputUsername(loginData.validUser.username);\n_LoginPage.default.submit();\n_LoginPage.default.verifyChangePasswordSuccesfully();",
              "err": {},
              "uuid": "7166a6d0-ad89-47b9-81ff-337c6f8087f2",
              "parentUUID": "5de5a9c6-84d8-4808-9c38-91dfaeb3bd34",
              "isHook": false,
              "skipped": false
            },
            {
              "title": "SCN002 - Username Empty - TC001",
              "fullTitle": "OrangeHRM - Login Feature SCN002 - Username Empty - TC001",
              "timedOut": null,
              "duration": 2812,
              "state": "passed",
              "speed": "fast",
              "pass": true,
              "fail": false,
              "pending": false,
              "context": null,
              "code": "_LoginPage.default.clickForgotPassword();\n_LoginPage.default.submit();\n_LoginPage.default.verifyRequiredOrInlineError();",
              "err": {},
              "uuid": "931eda2d-5f18-4ce7-8ac5-48a19ca376b8",
              "parentUUID": "5de5a9c6-84d8-4808-9c38-91dfaeb3bd34",
              "isHook": false,
              "skipped": false
            }
          ],
          "suites": [],
          "passes": [
            "8d11ff8e-8585-463e-916c-aafedfefc3c4",
            "63a7db0a-4291-444f-b8f3-2d4fe793e43d",
            "757be70f-ebe1-4ecb-bd5c-83dc1b40a738",
            "4b2cd2d7-47f4-4915-8a89-e1c78e40d75e",
            "eeee85eb-ddea-4e29-a994-138581058565",
            "03081101-8f47-4598-ab53-512703081397",
            "7166a6d0-ad89-47b9-81ff-337c6f8087f2",
            "931eda2d-5f18-4ce7-8ac5-48a19ca376b8"
          ],
          "failures": [
            "ba291c7b-5e97-4932-a030-db6c6c937cdc",
            "05e4f00b-0547-4478-92f1-632805ec2239",
            "d8bac41b-a8d7-495a-bb38-04cf1d27336c",
            "2f591d56-fa23-4758-b7fe-bb7f6a4997bc"
          ],
          "pending": [],
          "skipped": [],
          "duration": 58831,
          "root": false,
          "rootEmpty": false,
          "_timeout": 2000
        }
      ],
      "passes": [],
      "failures": [],
      "pending": [],
      "skipped": [],
      "duration": 0,
      "root": true,
      "rootEmpty": true,
      "_timeout": 2000
    }
  ],
  "meta": {
    "mocha": {
      "version": "7.2.0"
    },
    "mochawesome": {
      "options": {
        "quiet": false,
        "reportFilename": "mochawesome",
        "saveHtml": true,
        "saveJson": true,
        "consoleReporter": "spec",
        "useInlineDiffs": false,
        "code": true
      },
      "version": "7.1.4"
    },
    "marge": {
      "options": {
        "reportDir": "cypress/reports/mocha",
        "overwrite": false,
        "html": true,
        "json": true
      },
      "version": "6.3.2"
    }
  }
}