{
  "stats": {
    "suites": 1,
    "tests": 6,
    "passes": 0,
    "pending": 0,
    "failures": 6,
    "start": "2025-12-14T13:13:29.324Z",
    "end": "2025-12-14T13:13:39.071Z",
    "duration": 9747,
    "testsRegistered": 6,
    "passPercent": 0,
    "pendingPercent": 0,
    "other": 0,
    "hasOther": false,
    "skipped": 0,
    "hasSkipped": false
  },
  "results": [
    {
      "uuid": "2ee4b801-23b2-4bbb-9bc5-46b0c23d274d",
      "title": "",
      "fullFile": "cypress/e2e/login/login.cy.js",
      "file": "cypress/e2e/login/login.cy.js",
      "beforeHooks": [],
      "afterHooks": [],
      "tests": [],
      "suites": [
        {
          "uuid": "6bec1fe3-abd3-40d6-8571-3d8518c0916e",
          "title": "Login - OrangeHRM",
          "fullFile": "",
          "file": "",
          "beforeHooks": [],
          "afterHooks": [],
          "tests": [
            {
              "title": "TC001 - Login Success with valid credential",
              "fullTitle": "Login - OrangeHRM TC001 - Login Success with valid credential",
              "timedOut": null,
              "duration": 4274,
              "state": "failed",
              "speed": null,
              "pass": false,
              "fail": true,
              "pending": false,
              "context": null,
              "code": "cy.inputUsername(loginData.validUser.username);\ncy.inputPassword(loginData.validUser.password);\ncy.clickLogin();\ncy.url().should(\"include\", \"/dashboard\");",
              "err": {
                "message": "ReferenceError: loginData is not defined",
                "estack": "ReferenceError: loginData is not defined\n    at Context.eval (webpack://sanbercode-qa-projectakhir/./cypress/e2e/login/login.cy.js:7:21)\n    at runnable.fn (https://opensource-demo.orangehrmlive.com/__cypress/runner/cypress_runner.js:146091:19)\n    at callFn (https://opensource-demo.orangehrmlive.com/__cypress/runner/cypress_runner.js:165185:21)\n    at Runnable.run (https://opensource-demo.orangehrmlive.com/__cypress/runner/cypress_runner.js:165172:7)\n    at <unknown> (https://opensource-demo.orangehrmlive.com/__cypress/runner/cypress_runner.js:171267:30)\n    at PassThroughHandlerContext.finallyHandler (https://opensource-demo.orangehrmlive.com/__cypress/runner/cypress_runner.js:4042:23)\n    at PassThroughHandlerContext.tryCatcher (https://opensource-demo.orangehrmlive.com/__cypress/runner/cypress_runner.js:1777:23)\n    at Promise._settlePromiseFromHandler (https://opensource-demo.orangehrmlive.com/__cypress/runner/cypress_runner.js:1489:31)\n    at Promise._settlePromise (https://opensource-demo.orangehrmlive.com/__cypress/runner/cypress_runner.js:1546:18)",
                "diff": null
              },
              "uuid": "ff3927c6-53a1-42d3-9baa-9423e77c07be",
              "parentUUID": "6bec1fe3-abd3-40d6-8571-3d8518c0916e",
              "isHook": false,
              "skipped": false
            },
            {
              "title": "TC002 - Login Failed with invalid username",
              "fullTitle": "Login - OrangeHRM TC002 - Login Failed with invalid username",
              "timedOut": null,
              "duration": 699,
              "state": "failed",
              "speed": null,
              "pass": false,
              "fail": true,
              "pending": false,
              "context": null,
              "code": "cy.inputUsername(loginData.invalidUser.username);\ncy.inputPassword(loginData.validUser.password);\ncy.clickLogin();\ncy.verifyInvalidCredential();",
              "err": {
                "message": "ReferenceError: loginData is not defined",
                "estack": "ReferenceError: loginData is not defined\n    at Context.eval (webpack://sanbercode-qa-projectakhir/./cypress/e2e/login/login.cy.js:15:21)\n    at runnable.fn (https://opensource-demo.orangehrmlive.com/__cypress/runner/cypress_runner.js:146091:19)\n    at callFn (https://opensource-demo.orangehrmlive.com/__cypress/runner/cypress_runner.js:165185:21)\n    at Runnable.run (https://opensource-demo.orangehrmlive.com/__cypress/runner/cypress_runner.js:165172:7)\n    at <unknown> (https://opensource-demo.orangehrmlive.com/__cypress/runner/cypress_runner.js:171267:30)\n    at PassThroughHandlerContext.finallyHandler (https://opensource-demo.orangehrmlive.com/__cypress/runner/cypress_runner.js:4042:23)\n    at PassThroughHandlerContext.tryCatcher (https://opensource-demo.orangehrmlive.com/__cypress/runner/cypress_runner.js:1777:23)\n    at Promise._settlePromiseFromHandler (https://opensource-demo.orangehrmlive.com/__cypress/runner/cypress_runner.js:1489:31)\n    at Promise._settlePromise (https://opensource-demo.orangehrmlive.com/__cypress/runner/cypress_runner.js:1546:18)",
                "diff": null
              },
              "uuid": "bc67b208-c60d-486b-ad2b-0bf694b05099",
              "parentUUID": "6bec1fe3-abd3-40d6-8571-3d8518c0916e",
              "isHook": false,
              "skipped": false
            },
            {
              "title": "TC003 - Login Failed with invalid password",
              "fullTitle": "Login - OrangeHRM TC003 - Login Failed with invalid password",
              "timedOut": null,
              "duration": 674,
              "state": "failed",
              "speed": null,
              "pass": false,
              "fail": true,
              "pending": false,
              "context": null,
              "code": "cy.inputUsername(loginData.validUser.username);\ncy.inputPassword(loginData.invalidUser.password);\ncy.clickLogin();\ncy.verifyInvalidCredential();",
              "err": {
                "message": "ReferenceError: loginData is not defined",
                "estack": "ReferenceError: loginData is not defined\n    at Context.eval (webpack://sanbercode-qa-projectakhir/./cypress/e2e/login/login.cy.js:23:21)\n    at runnable.fn (https://opensource-demo.orangehrmlive.com/__cypress/runner/cypress_runner.js:146091:19)\n    at callFn (https://opensource-demo.orangehrmlive.com/__cypress/runner/cypress_runner.js:165185:21)\n    at Runnable.run (https://opensource-demo.orangehrmlive.com/__cypress/runner/cypress_runner.js:165172:7)\n    at <unknown> (https://opensource-demo.orangehrmlive.com/__cypress/runner/cypress_runner.js:171267:30)\n    at PassThroughHandlerContext.finallyHandler (https://opensource-demo.orangehrmlive.com/__cypress/runner/cypress_runner.js:4042:23)\n    at PassThroughHandlerContext.tryCatcher (https://opensource-demo.orangehrmlive.com/__cypress/runner/cypress_runner.js:1777:23)\n    at Promise._settlePromiseFromHandler (https://opensource-demo.orangehrmlive.com/__cypress/runner/cypress_runner.js:1489:31)\n    at Promise._settlePromise (https://opensource-demo.orangehrmlive.com/__cypress/runner/cypress_runner.js:1546:18)",
                "diff": null
              },
              "uuid": "1edc36fb-8f3d-4de4-b94f-8093a8958859",
              "parentUUID": "6bec1fe3-abd3-40d6-8571-3d8518c0916e",
              "isHook": false,
              "skipped": false
            },
            {
              "title": "TC004 - Login Failed with empty username",
              "fullTitle": "Login - OrangeHRM TC004 - Login Failed with empty username",
              "timedOut": null,
              "duration": 748,
              "state": "failed",
              "speed": null,
              "pass": false,
              "fail": true,
              "pending": false,
              "context": null,
              "code": "cy.inputPassword(loginData.validUser.password);\ncy.clickLogin();\nLoginPage.verifyRequiredField();",
              "err": {
                "message": "ReferenceError: loginData is not defined",
                "estack": "ReferenceError: loginData is not defined\n    at Context.eval (webpack://sanbercode-qa-projectakhir/./cypress/e2e/login/login.cy.js:31:21)\n    at runnable.fn (https://opensource-demo.orangehrmlive.com/__cypress/runner/cypress_runner.js:146091:19)\n    at callFn (https://opensource-demo.orangehrmlive.com/__cypress/runner/cypress_runner.js:165185:21)\n    at Runnable.run (https://opensource-demo.orangehrmlive.com/__cypress/runner/cypress_runner.js:165172:7)\n    at <unknown> (https://opensource-demo.orangehrmlive.com/__cypress/runner/cypress_runner.js:171267:30)\n    at PassThroughHandlerContext.finallyHandler (https://opensource-demo.orangehrmlive.com/__cypress/runner/cypress_runner.js:4042:23)\n    at PassThroughHandlerContext.tryCatcher (https://opensource-demo.orangehrmlive.com/__cypress/runner/cypress_runner.js:1777:23)\n    at Promise._settlePromiseFromHandler (https://opensource-demo.orangehrmlive.com/__cypress/runner/cypress_runner.js:1489:31)\n    at Promise._settlePromise (https://opensource-demo.orangehrmlive.com/__cypress/runner/cypress_runner.js:1546:18)",
                "diff": null
              },
              "uuid": "3927542c-c688-4265-9557-4f30d0d17f61",
              "parentUUID": "6bec1fe3-abd3-40d6-8571-3d8518c0916e",
              "isHook": false,
              "skipped": false
            },
            {
              "title": "TC005 - Login Failed with empty password",
              "fullTitle": "Login - OrangeHRM TC005 - Login Failed with empty password",
              "timedOut": null,
              "duration": 1600,
              "state": "failed",
              "speed": null,
              "pass": false,
              "fail": true,
              "pending": false,
              "context": null,
              "code": "cy.inputUsername(loginData.validUser.username);\ncy.clickLogin();\nLoginPage.verifyRequiredField();",
              "err": {
                "message": "ReferenceError: loginData is not defined",
                "estack": "ReferenceError: loginData is not defined\n    at Context.eval (webpack://sanbercode-qa-projectakhir/./cypress/e2e/login/login.cy.js:38:21)\n    at runnable.fn (https://opensource-demo.orangehrmlive.com/__cypress/runner/cypress_runner.js:146091:19)\n    at callFn (https://opensource-demo.orangehrmlive.com/__cypress/runner/cypress_runner.js:165185:21)\n    at Runnable.run (https://opensource-demo.orangehrmlive.com/__cypress/runner/cypress_runner.js:165172:7)\n    at <unknown> (https://opensource-demo.orangehrmlive.com/__cypress/runner/cypress_runner.js:171267:30)\n    at PassThroughHandlerContext.finallyHandler (https://opensource-demo.orangehrmlive.com/__cypress/runner/cypress_runner.js:4042:23)\n    at PassThroughHandlerContext.tryCatcher (https://opensource-demo.orangehrmlive.com/__cypress/runner/cypress_runner.js:1777:23)\n    at Promise._settlePromiseFromHandler (https://opensource-demo.orangehrmlive.com/__cypress/runner/cypress_runner.js:1489:31)\n    at Promise._settlePromise (https://opensource-demo.orangehrmlive.com/__cypress/runner/cypress_runner.js:1546:18)",
                "diff": null
              },
              "uuid": "30f333ee-54a8-4059-99e0-ee204d1fa2c4",
              "parentUUID": "6bec1fe3-abd3-40d6-8571-3d8518c0916e",
              "isHook": false,
              "skipped": false
            },
            {
              "title": "TC006 - Login Failed with both fields empty",
              "fullTitle": "Login - OrangeHRM TC006 - Login Failed with both fields empty",
              "timedOut": null,
              "duration": 1533,
              "state": "failed",
              "speed": null,
              "pass": false,
              "fail": true,
              "pending": false,
              "context": null,
              "code": "cy.clickLogin();\nLoginPage.verifyRequiredField();",
              "err": {
                "message": "ReferenceError: LoginPage is not defined",
                "estack": "ReferenceError: LoginPage is not defined\n    at Context.eval (webpack://sanbercode-qa-projectakhir/./cypress/e2e/login/login.cy.js:47:4)\n    at runnable.fn (https://opensource-demo.orangehrmlive.com/__cypress/runner/cypress_runner.js:146091:19)\n    at callFn (https://opensource-demo.orangehrmlive.com/__cypress/runner/cypress_runner.js:165185:21)\n    at Runnable.run (https://opensource-demo.orangehrmlive.com/__cypress/runner/cypress_runner.js:165172:7)\n    at <unknown> (https://opensource-demo.orangehrmlive.com/__cypress/runner/cypress_runner.js:171267:30)\n    at PassThroughHandlerContext.finallyHandler (https://opensource-demo.orangehrmlive.com/__cypress/runner/cypress_runner.js:4042:23)\n    at PassThroughHandlerContext.tryCatcher (https://opensource-demo.orangehrmlive.com/__cypress/runner/cypress_runner.js:1777:23)\n    at Promise._settlePromiseFromHandler (https://opensource-demo.orangehrmlive.com/__cypress/runner/cypress_runner.js:1489:31)\n    at Promise._settlePromise (https://opensource-demo.orangehrmlive.com/__cypress/runner/cypress_runner.js:1546:18)",
                "diff": null
              },
              "uuid": "abdf2d10-de98-4a52-b4a5-c8cfc7c493b0",
              "parentUUID": "6bec1fe3-abd3-40d6-8571-3d8518c0916e",
              "isHook": false,
              "skipped": false
            }
          ],
          "suites": [],
          "passes": [],
          "failures": [
            "ff3927c6-53a1-42d3-9baa-9423e77c07be",
            "bc67b208-c60d-486b-ad2b-0bf694b05099",
            "1edc36fb-8f3d-4de4-b94f-8093a8958859",
            "3927542c-c688-4265-9557-4f30d0d17f61",
            "30f333ee-54a8-4059-99e0-ee204d1fa2c4",
            "abdf2d10-de98-4a52-b4a5-c8cfc7c493b0"
          ],
          "pending": [],
          "skipped": [],
          "duration": 9528,
          "root": false,
          "rootEmpty": false,
          "_timeout": 2000
        }
      ],
      "passes": [],
      "failures": [],
      "pending": [],
      "skipped": [],
      "duration": 0,
      "root": true,
      "rootEmpty": true,
      "_timeout": 2000
    }
  ],
  "meta": {
    "mocha": {
      "version": "7.2.0"
    },
    "mochawesome": {
      "options": {
        "quiet": false,
        "reportFilename": "mochawesome",
        "saveHtml": true,
        "saveJson": true,
        "consoleReporter": "spec",
        "useInlineDiffs": false,
        "code": true
      },
      "version": "7.1.4"
    },
    "marge": {
      "options": {
        "reportDir": "cypress/reports",
        "overwrite": false,
        "html": true,
        "json": true
      },
      "version": "6.3.2"
    }
  }
}