{
  "stats": {
    "suites": 1,
    "tests": 2,
    "passes": 1,
    "pending": 0,
    "failures": 1,
    "start": "2025-12-14T13:03:55.873Z",
    "end": "2025-12-14T13:04:05.734Z",
    "duration": 9861,
    "testsRegistered": 2,
    "passPercent": 50,
    "pendingPercent": 0,
    "other": 0,
    "hasOther": false,
    "skipped": 0,
    "hasSkipped": false
  },
  "results": [
    {
      "uuid": "0746a91f-f2e3-4d7d-a84e-f0ef78c1666a",
      "title": "",
      "fullFile": "cypress/e2e/login/login.cy.js",
      "file": "cypress/e2e/login/login.cy.js",
      "beforeHooks": [],
      "afterHooks": [],
      "tests": [],
      "suites": [
        {
          "uuid": "a7cb8d03-aaee-4864-9706-8918b8aea3d2",
          "title": "OrangeHRM - Login Feature",
          "fullFile": "",
          "file": "",
          "beforeHooks": [],
          "afterHooks": [],
          "tests": [
            {
              "title": "TC001 - Login success with valid credentials",
              "fullTitle": "OrangeHRM - Login Feature TC001 - Login success with valid credentials",
              "timedOut": null,
              "duration": 7059,
              "state": "passed",
              "speed": "medium",
              "pass": true,
              "fail": false,
              "pending": false,
              "context": null,
              "code": "_LoginPage.default.login(loginData.validUser.username, loginData.validUser.password);\ncy.url().should(\"include\", \"/dashboard\");\ncy.contains(\"Dashboard\").should(\"be.visible\");",
              "err": {},
              "uuid": "eb027b72-32dc-4d1e-a769-8ff693ccc586",
              "parentUUID": "a7cb8d03-aaee-4864-9706-8918b8aea3d2",
              "isHook": false,
              "skipped": false
            },
            {
              "title": "TC002 - Login failed with invalid password",
              "fullTitle": "OrangeHRM - Login Feature TC002 - Login failed with invalid password",
              "timedOut": null,
              "duration": 2703,
              "state": "failed",
              "speed": null,
              "pass": false,
              "fail": true,
              "pending": false,
              "context": null,
              "code": "_LoginPage.default.login(loginData.invalidUser.username, loginData.invalidUser.password);\n_LoginPage.default.errorMessage().should(\"be.visible\").and(\"contain.text\", \"Invalid credentials\");",
              "err": {
                "message": "TypeError: _LoginPage.default.errorMessage is not a function",
                "estack": "TypeError: _LoginPage.default.errorMessage is not a function\n    at Context.eval (webpack://sanbercode-qa-projectakhir/./cypress/e2e/login/login.cy.js:35:14)\n    at runnable.fn (https://opensource-demo.orangehrmlive.com/__cypress/runner/cypress_runner.js:146091:19)\n    at callFn (https://opensource-demo.orangehrmlive.com/__cypress/runner/cypress_runner.js:165185:21)\n    at Runnable.run (https://opensource-demo.orangehrmlive.com/__cypress/runner/cypress_runner.js:165172:7)\n    at <unknown> (https://opensource-demo.orangehrmlive.com/__cypress/runner/cypress_runner.js:171267:30)\n    at PassThroughHandlerContext.finallyHandler (https://opensource-demo.orangehrmlive.com/__cypress/runner/cypress_runner.js:4042:23)\n    at PassThroughHandlerContext.tryCatcher (https://opensource-demo.orangehrmlive.com/__cypress/runner/cypress_runner.js:1777:23)\n    at Promise._settlePromiseFromHandler (https://opensource-demo.orangehrmlive.com/__cypress/runner/cypress_runner.js:1489:31)\n    at Promise._settlePromise (https://opensource-demo.orangehrmlive.com/__cypress/runner/cypress_runner.js:1546:18)",
                "diff": null
              },
              "uuid": "ad7c8be2-2dd7-47ab-b3e8-363b98ab867d",
              "parentUUID": "a7cb8d03-aaee-4864-9706-8918b8aea3d2",
              "isHook": false,
              "skipped": false
            }
          ],
          "suites": [],
          "passes": [
            "eb027b72-32dc-4d1e-a769-8ff693ccc586"
          ],
          "failures": [
            "ad7c8be2-2dd7-47ab-b3e8-363b98ab867d"
          ],
          "pending": [],
          "skipped": [],
          "duration": 9762,
          "root": false,
          "rootEmpty": false,
          "_timeout": 2000
        }
      ],
      "passes": [],
      "failures": [],
      "pending": [],
      "skipped": [],
      "duration": 0,
      "root": true,
      "rootEmpty": true,
      "_timeout": 2000
    }
  ],
  "meta": {
    "mocha": {
      "version": "7.2.0"
    },
    "mochawesome": {
      "options": {
        "quiet": false,
        "reportFilename": "mochawesome",
        "saveHtml": true,
        "saveJson": true,
        "consoleReporter": "spec",
        "useInlineDiffs": false,
        "code": true
      },
      "version": "7.1.4"
    },
    "marge": {
      "options": {
        "reportDir": "cypress/reports",
        "overwrite": false,
        "html": true,
        "json": true
      },
      "version": "6.3.2"
    }
  }
}