{
  "stats": {
    "suites": 1,
    "tests": 2,
    "passes": 2,
    "pending": 0,
    "failures": 0,
    "start": "2025-12-14T12:52:17.950Z",
    "end": "2025-12-14T12:52:29.692Z",
    "duration": 11742,
    "testsRegistered": 2,
    "passPercent": 100,
    "pendingPercent": 0,
    "other": 0,
    "hasOther": false,
    "skipped": 0,
    "hasSkipped": false
  },
  "results": [
    {
      "uuid": "6a8115f8-7238-408f-b226-ca31260d86f7",
      "title": "",
      "fullFile": "cypress/e2e/login/login.cy.js",
      "file": "cypress/e2e/login/login.cy.js",
      "beforeHooks": [],
      "afterHooks": [],
      "tests": [],
      "suites": [
        {
          "uuid": "efebf28e-ed93-40ad-9c43-4b1ded479b42",
          "title": "OrangeHRM - Login Feature",
          "fullFile": "",
          "file": "",
          "beforeHooks": [],
          "afterHooks": [],
          "tests": [
            {
              "title": "TC001 - Login success with valid credentials",
              "fullTitle": "OrangeHRM - Login Feature TC001 - Login success with valid credentials",
              "timedOut": null,
              "duration": 6975,
              "state": "passed",
              "speed": "medium",
              "pass": true,
              "fail": false,
              "pending": false,
              "context": null,
              "code": "_LoginPage.default.login(loginData.validUser.username, loginData.validUser.password);\ncy.url().should(\"include\", \"/dashboard\");\ncy.contains(\"Dashboard\").should(\"be.visible\");",
              "err": {},
              "uuid": "0ec61cdb-e3e0-4f90-978a-66c234191124",
              "parentUUID": "efebf28e-ed93-40ad-9c43-4b1ded479b42",
              "isHook": false,
              "skipped": false
            },
            {
              "title": "TC002 - Login failed with invalid password",
              "fullTitle": "OrangeHRM - Login Feature TC002 - Login failed with invalid password",
              "timedOut": null,
              "duration": 4677,
              "state": "passed",
              "speed": "fast",
              "pass": true,
              "fail": false,
              "pending": false,
              "context": null,
              "code": "_LoginPage.default.login(loginData.invalidUser.username, loginData.invalidUser.password);\n_LoginPage.default.errorMessage().should(\"be.visible\").and(\"contain.text\", \"Invalid credentials\");",
              "err": {},
              "uuid": "41f81363-9718-4d2c-8234-c6ac4bf2a139",
              "parentUUID": "efebf28e-ed93-40ad-9c43-4b1ded479b42",
              "isHook": false,
              "skipped": false
            }
          ],
          "suites": [],
          "passes": [
            "0ec61cdb-e3e0-4f90-978a-66c234191124",
            "41f81363-9718-4d2c-8234-c6ac4bf2a139"
          ],
          "failures": [],
          "pending": [],
          "skipped": [],
          "duration": 11652,
          "root": false,
          "rootEmpty": false,
          "_timeout": 2000
        }
      ],
      "passes": [],
      "failures": [],
      "pending": [],
      "skipped": [],
      "duration": 0,
      "root": true,
      "rootEmpty": true,
      "_timeout": 2000
    }
  ],
  "meta": {
    "mocha": {
      "version": "7.2.0"
    },
    "mochawesome": {
      "options": {
        "quiet": false,
        "reportFilename": "mochawesome",
        "saveHtml": true,
        "saveJson": true,
        "consoleReporter": "spec",
        "useInlineDiffs": false,
        "code": true
      },
      "version": "7.1.4"
    },
    "marge": {
      "options": {
        "reportDir": "cypress/reports",
        "overwrite": false,
        "html": true,
        "json": true
      },
      "version": "6.3.2"
    }
  }
}