{
  "stats": {
    "suites": 1,
    "tests": 2,
    "passes": 2,
    "pending": 0,
    "failures": 0,
    "start": "2025-12-14T12:55:26.765Z",
    "end": "2025-12-14T12:55:38.462Z",
    "duration": 11697,
    "testsRegistered": 2,
    "passPercent": 100,
    "pendingPercent": 0,
    "other": 0,
    "hasOther": false,
    "skipped": 0,
    "hasSkipped": false
  },
  "results": [
    {
      "uuid": "86dfc968-4bfa-476d-a421-f55acf5d47f8",
      "title": "",
      "fullFile": "cypress/e2e/login/login.cy.js",
      "file": "cypress/e2e/login/login.cy.js",
      "beforeHooks": [],
      "afterHooks": [],
      "tests": [],
      "suites": [
        {
          "uuid": "c0b72ec1-501e-4943-9aa2-63dacc014ac1",
          "title": "OrangeHRM - Login Feature",
          "fullFile": "",
          "file": "",
          "beforeHooks": [],
          "afterHooks": [],
          "tests": [
            {
              "title": "TC001 - Login success with valid credentials",
              "fullTitle": "OrangeHRM - Login Feature TC001 - Login success with valid credentials",
              "timedOut": null,
              "duration": 6825,
              "state": "passed",
              "speed": "medium",
              "pass": true,
              "fail": false,
              "pending": false,
              "context": null,
              "code": "_LoginPage.default.login(loginData.validUser.username, loginData.validUser.password);\ncy.url().should(\"include\", \"/dashboard\");\ncy.contains(\"Dashboard\").should(\"be.visible\");",
              "err": {},
              "uuid": "ed3a5852-9ff2-4a76-9f90-521fd972ba0f",
              "parentUUID": "c0b72ec1-501e-4943-9aa2-63dacc014ac1",
              "isHook": false,
              "skipped": false
            },
            {
              "title": "TC002 - Login failed with invalid password",
              "fullTitle": "OrangeHRM - Login Feature TC002 - Login failed with invalid password",
              "timedOut": null,
              "duration": 4787,
              "state": "passed",
              "speed": "fast",
              "pass": true,
              "fail": false,
              "pending": false,
              "context": null,
              "code": "_LoginPage.default.login(loginData.invalidUser.username, loginData.invalidUser.password);\n_LoginPage.default.errorMessage().should(\"be.visible\").and(\"contain.text\", \"Invalid credentials\");",
              "err": {},
              "uuid": "46125178-bb06-4552-8221-5a5ac3ea9021",
              "parentUUID": "c0b72ec1-501e-4943-9aa2-63dacc014ac1",
              "isHook": false,
              "skipped": false
            }
          ],
          "suites": [],
          "passes": [
            "ed3a5852-9ff2-4a76-9f90-521fd972ba0f",
            "46125178-bb06-4552-8221-5a5ac3ea9021"
          ],
          "failures": [],
          "pending": [],
          "skipped": [],
          "duration": 11612,
          "root": false,
          "rootEmpty": false,
          "_timeout": 2000
        }
      ],
      "passes": [],
      "failures": [],
      "pending": [],
      "skipped": [],
      "duration": 0,
      "root": true,
      "rootEmpty": true,
      "_timeout": 2000
    }
  ],
  "meta": {
    "mocha": {
      "version": "7.2.0"
    },
    "mochawesome": {
      "options": {
        "quiet": false,
        "reportFilename": "mochawesome",
        "saveHtml": true,
        "saveJson": true,
        "consoleReporter": "spec",
        "useInlineDiffs": false,
        "code": true
      },
      "version": "7.1.4"
    },
    "marge": {
      "options": {
        "reportDir": "cypress/reports",
        "overwrite": false,
        "html": true,
        "json": true
      },
      "version": "6.3.2"
    }
  }
}